<?xml version="1.0" encoding="UTF-8"?>
<!-- Generated by org.testng.reporters.JUnitXMLReporter -->
<testsuite ignored="7" hostname="PROBOOK" failures="0" tests="2" name="Default test" time="1.624" errors="0" timestamp="2024-06-10T12:52:45 EET">
  <testcase classname="lesson9.myTestCase" name="loginTest" time="0.362"/>
  <testcase classname="lesson9.myTestCase" name="above15" time="0.324"/>
  <testcase classname="lesson9.myTestCase" name="addoneitemandskipthenextonetoright" time="0.0">
    <ignored/>
  </testcase> <!-- addoneitemandskipthenextonetoright -->
  <testcase classname="lesson9.myTestCase" name="findallelementthatTextlabs" time="0.0">
    <ignored/>
  </testcase> <!-- findallelementthatTextlabs -->
  <testcase classname="lesson9.myTestCase" name="addoneitemandskipthenextone" time="0.0">
    <ignored/>
  </testcase> <!-- addoneitemandskipthenextone -->
  <testcase classname="lesson9.myTestCase" name="notalltextlabs" time="0.0">
    <ignored/>
  </testcase> <!-- notalltextlabs -->
  <testcase classname="lesson9.myTestCase" name="addAllItem" time="0.0">
    <ignored/>
  </testcase> <!-- addAllItem -->
  <testcase classname="lesson9.myTestCase" name="addfoureiteamandskipthem" time="0.0">
    <ignored/>
  </testcase> <!-- addfoureiteamandskipthem -->
  <testcase classname="lesson9.myTestCase" name="addallitemexceptionthree" time="0.0">
    <ignored/>
  </testcase> <!-- addallitemexceptionthree -->
</testsuite> <!-- Default test -->
