<?xml version="1.0" encoding="UTF-8"?>
<testng-results ignored="7" total="9" passed="2" failed="0" skipped="0">
  <reporter-output>
  </reporter-output>
  <suite started-at="2024-06-10T12:52:43 EET" name="Default suite" finished-at="2024-06-10T12:52:45 EET" duration-ms="1624">
    <groups>
    </groups>
    <test started-at="2024-06-10T12:52:43 EET" name="Default test" finished-at="2024-06-10T12:52:45 EET" duration-ms="1624">
      <class name="lesson9.myTestCase">
        <test-method is-config="true" signature="mySetup()[pri:0, instance:lesson9.myTestCase@4535b6d5]" started-at="2024-06-10T12:52:43 EET" name="mySetup" finished-at="2024-06-10T12:52:44 EET" duration-ms="885" status="PASS">
          <reporter-output>
          </reporter-output>
        </test-method> <!-- mySetup -->
        <test-method signature="loginTest()[pri:1, instance:lesson9.myTestCase@4535b6d5]" started-at="2024-06-10T12:52:44 EET" name="loginTest" finished-at="2024-06-10T12:52:45 EET" duration-ms="362" status="PASS">
          <reporter-output>
          </reporter-output>
        </test-method> <!-- loginTest -->
        <test-method signature="above15()[pri:9, instance:lesson9.myTestCase@4535b6d5]" started-at="2024-06-10T12:52:45 EET" name="above15" finished-at="2024-06-10T12:52:45 EET" duration-ms="324" status="PASS">
          <reporter-output>
          </reporter-output>
        </test-method> <!-- above15 -->
      </class> <!-- lesson9.myTestCase -->
    </test> <!-- Default test -->
  </suite> <!-- Default suite -->
</testng-results>
